<?xml version="1.0" encoding="UTF-8"?>
<!-- Generated by org.testng.reporters.JUnitReportReporter -->
<testsuite hostname="SHYAM" failures="0" tests="2" name="tests.TestExamples" time="2.206" errors="0" timestamp="2024-11-25T11:37:58 IST" skipped="0">
  <testcase classname="tests.TestExamples" name="test_1" time="1.560"/>
  <testcase classname="tests.TestExamples" name="test_2" time="0.646"/>
</testsuite> <!-- tests.TestExamples -->
